GROUP,PACKAGE,CLASS,INSTRUCTION_MISSED,INSTRUCTION_COVERED,BRANCH_MISSED,BRANCH_COVERED,LINE_MISSED,LINE_COVERED,COMPLEXITY_MISSED,COMPLEXITY_COVERED,METHOD_MISSED,METHOD_COVERED
Urna,com.Urna.Entity,StatusCandidato,0,15,0,0,0,2,0,1,0,1
Urna,com.Urna.Entity,StatusEleitor,0,33,0,0,0,2,0,1,0,1
Urna,com.Urna.Service,EleitorService,23,151,11,21,3,28,13,13,2,8
Urna,com.Urna.Service,CandidatoService,0,82,0,6,0,19,0,11,0,8
Urna,com.Urna.Service,VotoService,42,215,4,20,2,48,9,13,5,5
Urna,com.Urna,UrnaApplication,8,0,0,0,3,0,2,0,2,0
Urna,com.Urna.Controller,CandidatoController,105,0,0,0,22,0,9,0,9,0
Urna,com.Urna.Controller,EleitorController,105,0,0,0,22,0,9,0,9,0
Urna,com.Urna.Controller,VotoController,19,0,0,0,5,0,3,0,3,0
